<?xml version="1.0" encoding="UTF-8"?>
<!-- Generated by org.testng.reporters.JUnitReportReporter -->
<testsuite skipped="0" hostname="LAPTOP-5NF042AS" name="DropdownValidation" tests="1" failures="0" timestamp="22 Jul 2021 10:59:19 GMT" time="9.398" errors="0">
  <testcase name="dropdownvalidationstuffs" time="9.398" classname="DropdownValidation"/>
</testsuite> <!-- DropdownValidation -->
